<?xml version="1.0" encoding="UTF-8"?>
<!-- Generated by org.testng.reporters.JUnitXMLReporter -->
<testsuite ignored="1" hostname="DESKTOP-81ARGGN" failures="0" tests="1" name="Default test" time="31.035" errors="0" timestamp="2021-08-13T17:26:53 IST">
  <testcase classname="com.sg.test.LoginTest" name="invalidCredentialTest" time="2.702"/>
  <testcase classname="com.sg.test.LoginTest" name="validCredentialTest" time="0.0">
    <ignored/>
  </testcase> <!-- validCredentialTest -->
</testsuite> <!-- Default test -->
