<?xml version="1.0" encoding="UTF-8"?>
<testng-results ignored="1" total="2" passed="1" failed="0" skipped="0">
  <reporter-output>
  </reporter-output>
  <suite started-at="2021-08-13T17:26:22 IST" name="Default suite" finished-at="2021-08-13T17:26:53 IST" duration-ms="31035">
    <groups>
    </groups>
    <test started-at="2021-08-13T17:26:22 IST" name="Default test" finished-at="2021-08-13T17:26:53 IST" duration-ms="31035">
      <class name="com.sg.test.LoginTest">
        <test-method is-config="true" signature="setUp()[pri:0, instance:com.sg.test.LoginTest@1cbb87f3]" started-at="2021-08-13T17:26:22 IST" name="setUp" finished-at="2021-08-13T17:26:49 IST" duration-ms="26536" status="PASS">
          <reporter-output>
          </reporter-output>
        </test-method> <!-- setUp -->
        <test-method signature="invalidCredentialTest()[pri:0, instance:com.sg.test.LoginTest@1cbb87f3]" started-at="2021-08-13T17:26:49 IST" name="invalidCredentialTest" finished-at="2021-08-13T17:26:51 IST" duration-ms="2702" status="PASS">
          <reporter-output>
          </reporter-output>
        </test-method> <!-- invalidCredentialTest -->
        <test-method is-config="true" signature="tearDown()[pri:0, instance:com.sg.test.LoginTest@1cbb87f3]" started-at="2021-08-13T17:26:51 IST" name="tearDown" finished-at="2021-08-13T17:26:53 IST" duration-ms="1738" status="PASS">
          <reporter-output>
          </reporter-output>
        </test-method> <!-- tearDown -->
      </class> <!-- com.sg.test.LoginTest -->
    </test> <!-- Default test -->
  </suite> <!-- Default suite -->
</testng-results>
