<?xml version="1.0" encoding="UTF-8"?>
<testng-results ignored="0" total="4" passed="4" failed="0" skipped="0">
  <reporter-output>
  </reporter-output>
  <suite started-at="2021-08-14T12:57:50 IST" name="Default suite" finished-at="2021-08-14T12:57:50 IST" duration-ms="69">
    <groups>
    </groups>
    <test started-at="2021-08-14T12:57:50 IST" name="Default test" finished-at="2021-08-14T12:57:50 IST" duration-ms="69">
      <class name="com.sg.test.DemoTest">
        <test-method signature="validTest(java.lang.String,java.lang.String)[pri:0, instance:com.sg.test.DemoTest@51dcb805]" started-at="2021-08-14T12:57:50 IST" name="validTest" data-provider="validData" finished-at="2021-08-14T12:57:50 IST" duration-ms="6" status="PASS">
          <params>
            <param index="0">
              <value>
                <![CDATA[john]]>
              </value>
            </param>
            <param index="1">
              <value>
                <![CDATA[john123]]>
              </value>
            </param>
          </params>
          <reporter-output>
          </reporter-output>
        </test-method> <!-- validTest -->
        <test-method signature="validTest(java.lang.String,java.lang.String)[pri:0, instance:com.sg.test.DemoTest@51dcb805]" started-at="2021-08-14T12:57:50 IST" name="validTest" data-provider="validData" finished-at="2021-08-14T12:57:50 IST" duration-ms="2" status="PASS">
          <params>
            <param index="0">
              <value>
                <![CDATA[peter]]>
              </value>
            </param>
            <param index="1">
              <value>
                <![CDATA[peter123]]>
              </value>
            </param>
          </params>
          <reporter-output>
          </reporter-output>
        </test-method> <!-- validTest -->
        <test-method signature="validTest(java.lang.String,java.lang.String)[pri:0, instance:com.sg.test.DemoTest@51dcb805]" started-at="2021-08-14T12:57:50 IST" name="validTest" data-provider="validData" finished-at="2021-08-14T12:57:50 IST" duration-ms="2" status="PASS">
          <params>
            <param index="0">
              <value>
                <![CDATA[mark]]>
              </value>
            </param>
            <param index="1">
              <value>
                <![CDATA[mark123]]>
              </value>
            </param>
          </params>
          <reporter-output>
          </reporter-output>
        </test-method> <!-- validTest -->
        <test-method signature="validTest(java.lang.String,java.lang.String)[pri:0, instance:com.sg.test.DemoTest@51dcb805]" started-at="2021-08-14T12:57:50 IST" name="validTest" data-provider="validData" finished-at="2021-08-14T12:57:50 IST" duration-ms="1" status="PASS">
          <params>
            <param index="0">
              <value>
                <![CDATA[kevin]]>
              </value>
            </param>
            <param index="1">
              <value>
                <![CDATA[kevin123]]>
              </value>
            </param>
          </params>
          <reporter-output>
          </reporter-output>
        </test-method> <!-- validTest -->
      </class> <!-- com.sg.test.DemoTest -->
    </test> <!-- Default test -->
  </suite> <!-- Default suite -->
</testng-results>
