<?xml version="1.0" encoding="UTF-8"?>
<testng-results ignored="0" total="1" passed="1" failed="0" skipped="0">
  <reporter-output>
  </reporter-output>
  <suite started-at="2021-08-16T10:44:54 IST" name="Default suite" finished-at="2021-08-16T10:45:40 IST" duration-ms="46457">
    <groups>
    </groups>
    <test started-at="2021-08-16T10:44:54 IST" name="Default test" finished-at="2021-08-16T10:45:40 IST" duration-ms="46457">
      <class name="com.sg.test.PatientTest">
        <test-method is-config="true" signature="setUp(java.lang.String)[pri:0, instance:com.sg.test.PatientTest@5ba3f27a]" started-at="2021-08-16T10:45:20 IST" name="setUp" finished-at="2021-08-16T10:45:25 IST" duration-ms="5405" status="PASS">
          <params>
            <param index="0">
              <value>
                <![CDATA[ch]]>
              </value>
            </param>
          </params>
          <reporter-output>
          </reporter-output>
        </test-method> <!-- setUp -->
        <test-method signature="addPatientTest(java.lang.String,java.lang.String,java.lang.String,java.lang.String,java.lang.String,java.lang.String,java.lang.String,java.lang.String,java.lang.String)[pri:0, instance:com.sg.test.PatientTest@5ba3f27a]" started-at="2021-08-16T10:45:25 IST" name="addPatientTest" data-provider="commonDataProvider" finished-at="2021-08-16T10:45:39 IST" duration-ms="14559" status="PASS">
          <params>
            <param index="0">
              <value>
                <![CDATA[admin]]>
              </value>
            </param>
            <param index="1">
              <value>
                <![CDATA[pass]]>
              </value>
            </param>
            <param index="2">
              <value>
                <![CDATA[English (Indian)]]>
              </value>
            </param>
            <param index="3">
              <value>
                <![CDATA[Bala]]>
              </value>
            </param>
            <param index="4">
              <value>
                <![CDATA[Dina]]>
              </value>
            </param>
            <param index="5">
              <value>
                <![CDATA[2021-08-16]]>
              </value>
            </param>
            <param index="6">
              <value>
                <![CDATA[Male]]>
              </value>
            </param>
            <param index="7">
              <value>
                <![CDATA[Tobacco]]>
              </value>
            </param>
            <param index="8">
              <value>
                <![CDATA[Medical Record Dashboard - Bala Dina]]>
              </value>
            </param>
          </params>
          <reporter-output>
          </reporter-output>
        </test-method> <!-- addPatientTest -->
        <test-method is-config="true" signature="tearDown()[pri:0, instance:com.sg.test.PatientTest@5ba3f27a]" started-at="2021-08-16T10:45:39 IST" name="tearDown" finished-at="2021-08-16T10:45:40 IST" duration-ms="798" status="PASS">
          <reporter-output>
          </reporter-output>
        </test-method> <!-- tearDown -->
      </class> <!-- com.sg.test.PatientTest -->
    </test> <!-- Default test -->
  </suite> <!-- Default suite -->
</testng-results>
