<?xml version="1.0" encoding="UTF-8"?>
<testng-results ignored="1" total="4" passed="3" failed="0" skipped="0">
  <reporter-output>
  </reporter-output>
  <suite started-at="2021-08-16T13:13:31 IST" name="Default suite" finished-at="2021-08-16T13:13:57 IST" duration-ms="25643">
    <groups>
    </groups>
    <test started-at="2021-08-16T13:13:31 IST" name="Default test" finished-at="2021-08-16T13:13:57 IST" duration-ms="25643">
      <class name="com.sg.test.LoginTest">
        <test-method is-config="true" signature="start()[pri:0, instance:com.sg.test.LoginTest@72e5a8e]" started-at="2021-08-16T13:13:31 IST" name="start" finished-at="2021-08-16T13:13:31 IST" duration-ms="355" status="PASS">
          <reporter-output>
          </reporter-output>
        </test-method> <!-- start -->
        <test-method is-config="true" signature="setUp(java.lang.String,java.lang.reflect.Method)[pri:0, instance:com.sg.test.LoginTest@72e5a8e]" started-at="2021-08-16T13:13:32 IST" name="setUp" finished-at="2021-08-16T13:13:38 IST" duration-ms="5506" status="PASS">
          <params>
            <param index="0">
              <value>
                <![CDATA[ch]]>
              </value>
            </param>
            <param index="1">
              <value>
                <![CDATA[public void com.sg.test.LoginTest.invalidCredentialTest(java.lang.String,java.lang.String,java.lang.String,java.lang.String)]]>
              </value>
            </param>
          </params>
          <reporter-output>
          </reporter-output>
        </test-method> <!-- setUp -->
        <test-method signature="invalidCredentialTest(java.lang.String,java.lang.String,java.lang.String,java.lang.String)[pri:0, instance:com.sg.test.LoginTest@72e5a8e]" started-at="2021-08-16T13:13:38 IST" name="invalidCredentialTest" data-provider="commonDataProvider" finished-at="2021-08-16T13:13:39 IST" duration-ms="1573" status="PASS">
          <params>
            <param index="0">
              <value>
                <![CDATA[admin123]]>
              </value>
            </param>
            <param index="1">
              <value>
                <![CDATA[bala]]>
              </value>
            </param>
            <param index="2">
              <value>
                <![CDATA[English (Indian)]]>
              </value>
            </param>
            <param index="3">
              <value>
                <![CDATA[Invalid username or password]]>
              </value>
            </param>
          </params>
          <reporter-output>
          </reporter-output>
        </test-method> <!-- invalidCredentialTest -->
        <test-method is-config="true" signature="tearDown(org.testng.ITestResult)[pri:0, instance:com.sg.test.LoginTest@72e5a8e]" started-at="2021-08-16T13:13:39 IST" name="tearDown" finished-at="2021-08-16T13:13:41 IST" duration-ms="1638" status="PASS">
          <params>
            <param index="0">
              <value>
                <![CDATA[[TestResult name=invalidCredentialTest status=SUCCESS method=LoginTest.invalidCredentialTest(java.lang.String,java.lang.String,java.lang.String,java.lang.String)[pri:0, instance:com.sg.test.LoginTest@72e5a8e] output={null}]]]>
              </value>
            </param>
          </params>
          <reporter-output>
          </reporter-output>
        </test-method> <!-- tearDown -->
        <test-method is-config="true" signature="setUp(java.lang.String,java.lang.reflect.Method)[pri:0, instance:com.sg.test.LoginTest@72e5a8e]" started-at="2021-08-16T13:13:41 IST" name="setUp" finished-at="2021-08-16T13:13:48 IST" duration-ms="6865" status="PASS">
          <params>
            <param index="0">
              <value>
                <![CDATA[ch]]>
              </value>
            </param>
            <param index="1">
              <value>
                <![CDATA[public void com.sg.test.LoginTest.invalidCredentialTest(java.lang.String,java.lang.String,java.lang.String,java.lang.String)]]>
              </value>
            </param>
          </params>
          <reporter-output>
          </reporter-output>
        </test-method> <!-- setUp -->
        <test-method signature="invalidCredentialTest(java.lang.String,java.lang.String,java.lang.String,java.lang.String)[pri:0, instance:com.sg.test.LoginTest@72e5a8e]" started-at="2021-08-16T13:13:48 IST" name="invalidCredentialTest" data-provider="commonDataProvider" finished-at="2021-08-16T13:13:49 IST" duration-ms="1359" status="PASS">
          <params>
            <param index="0">
              <value>
                <![CDATA[john]]>
              </value>
            </param>
            <param index="1">
              <value>
                <![CDATA[john123]]>
              </value>
            </param>
            <param index="2">
              <value>
                <![CDATA[Dutch]]>
              </value>
            </param>
            <param index="3">
              <value>
                <![CDATA[Invalid username or password]]>
              </value>
            </param>
          </params>
          <reporter-output>
          </reporter-output>
        </test-method> <!-- invalidCredentialTest -->
        <test-method is-config="true" signature="tearDown(org.testng.ITestResult)[pri:0, instance:com.sg.test.LoginTest@72e5a8e]" started-at="2021-08-16T13:13:49 IST" name="tearDown" finished-at="2021-08-16T13:13:50 IST" duration-ms="829" status="PASS">
          <params>
            <param index="0">
              <value>
                <![CDATA[[TestResult name=invalidCredentialTest status=SUCCESS method=LoginTest.invalidCredentialTest(java.lang.String,java.lang.String,java.lang.String,java.lang.String)[pri:0, instance:com.sg.test.LoginTest@72e5a8e] output={null}]]]>
              </value>
            </param>
          </params>
          <reporter-output>
          </reporter-output>
        </test-method> <!-- tearDown -->
        <test-method is-config="true" signature="setUp(java.lang.String,java.lang.reflect.Method)[pri:0, instance:com.sg.test.LoginTest@72e5a8e]" started-at="2021-08-16T13:13:50 IST" name="setUp" finished-at="2021-08-16T13:13:55 IST" duration-ms="4750" status="PASS">
          <params>
            <param index="0">
              <value>
                <![CDATA[ch]]>
              </value>
            </param>
            <param index="1">
              <value>
                <![CDATA[public void com.sg.test.LoginTest.invalidCredentialTest(java.lang.String,java.lang.String,java.lang.String,java.lang.String)]]>
              </value>
            </param>
          </params>
          <reporter-output>
          </reporter-output>
        </test-method> <!-- setUp -->
        <test-method signature="invalidCredentialTest(java.lang.String,java.lang.String,java.lang.String,java.lang.String)[pri:0, instance:com.sg.test.LoginTest@72e5a8e]" started-at="2021-08-16T13:13:55 IST" name="invalidCredentialTest" data-provider="commonDataProvider" finished-at="2021-08-16T13:13:56 IST" duration-ms="1383" status="PASS">
          <params>
            <param index="0">
              <value>
                <![CDATA[bala]]>
              </value>
            </param>
            <param index="1">
              <value>
                <![CDATA[bala123]]>
              </value>
            </param>
            <param index="2">
              <value>
                <![CDATA[Dutch]]>
              </value>
            </param>
            <param index="3">
              <value>
                <![CDATA[Invalid username or password]]>
              </value>
            </param>
          </params>
          <reporter-output>
          </reporter-output>
        </test-method> <!-- invalidCredentialTest -->
        <test-method is-config="true" signature="tearDown(org.testng.ITestResult)[pri:0, instance:com.sg.test.LoginTest@72e5a8e]" started-at="2021-08-16T13:13:56 IST" name="tearDown" finished-at="2021-08-16T13:13:57 IST" duration-ms="797" status="PASS">
          <params>
            <param index="0">
              <value>
                <![CDATA[[TestResult name=invalidCredentialTest status=SUCCESS method=LoginTest.invalidCredentialTest(java.lang.String,java.lang.String,java.lang.String,java.lang.String)[pri:0, instance:com.sg.test.LoginTest@72e5a8e] output={null}]]]>
              </value>
            </param>
          </params>
          <reporter-output>
          </reporter-output>
        </test-method> <!-- tearDown -->
        <test-method is-config="true" signature="end()[pri:0, instance:com.sg.test.LoginTest@72e5a8e]" started-at="2021-08-16T13:13:57 IST" name="end" finished-at="2021-08-16T13:13:57 IST" duration-ms="393" status="PASS">
          <reporter-output>
          </reporter-output>
        </test-method> <!-- end -->
      </class> <!-- com.sg.test.LoginTest -->
    </test> <!-- Default test -->
  </suite> <!-- Default suite -->
</testng-results>
