<?xml version="1.0" encoding="UTF-8"?>
<testng-results ignored="1" total="4" passed="3" failed="0" skipped="0">
  <reporter-output>
  </reporter-output>
  <suite started-at="2021-08-17T09:46:55 IST" name="OpenEMR Suite" finished-at="2021-08-17T09:47:25 IST" duration-ms="29390">
    <groups>
    </groups>
    <test started-at="2021-08-17T09:46:55 IST" name="Login Test - ch" finished-at="2021-08-17T09:47:25 IST" duration-ms="29390">
      <class name="com.sg.test.LoginTest">
        <test-method is-config="true" signature="start()[pri:0, instance:com.sg.test.LoginTest@273e7444]" started-at="2021-08-17T09:46:55 IST" name="start" finished-at="2021-08-17T09:46:55 IST" duration-ms="613" status="PASS">
          <reporter-output>
          </reporter-output>
        </test-method> <!-- start -->
        <test-method is-config="true" signature="setUp(java.lang.String,java.lang.reflect.Method)[pri:0, instance:com.sg.test.LoginTest@273e7444]" started-at="2021-08-17T09:46:57 IST" name="setUp" finished-at="2021-08-17T09:47:06 IST" duration-ms="9384" status="PASS">
          <params>
            <param index="0">
              <value>
                <![CDATA[ch]]>
              </value>
            </param>
            <param index="1">
              <value>
                <![CDATA[public void com.sg.test.LoginTest.invalidCredentialTest(java.lang.String,java.lang.String,java.lang.String,java.lang.String)]]>
              </value>
            </param>
          </params>
          <reporter-output>
          </reporter-output>
        </test-method> <!-- setUp -->
        <test-method signature="invalidCredentialTest(java.lang.String,java.lang.String,java.lang.String,java.lang.String)[pri:0, instance:com.sg.test.LoginTest@273e7444]" started-at="2021-08-17T09:47:06 IST" name="invalidCredentialTest" data-provider="commonDataProvider" finished-at="2021-08-17T09:47:08 IST" duration-ms="1669" status="PASS">
          <params>
            <param index="0">
              <value>
                <![CDATA[admin123]]>
              </value>
            </param>
            <param index="1">
              <value>
                <![CDATA[bala]]>
              </value>
            </param>
            <param index="2">
              <value>
                <![CDATA[English (Indian)]]>
              </value>
            </param>
            <param index="3">
              <value>
                <![CDATA[Invalid username or password]]>
              </value>
            </param>
          </params>
          <reporter-output>
          </reporter-output>
        </test-method> <!-- invalidCredentialTest -->
        <test-method is-config="true" signature="tearDown(org.testng.ITestResult)[pri:0, instance:com.sg.test.LoginTest@273e7444]" started-at="2021-08-17T09:47:08 IST" name="tearDown" finished-at="2021-08-17T09:47:09 IST" duration-ms="922" status="PASS">
          <params>
            <param index="0">
              <value>
                <![CDATA[[TestResult name=invalidCredentialTest status=SUCCESS method=LoginTest.invalidCredentialTest(java.lang.String,java.lang.String,java.lang.String,java.lang.String)[pri:0, instance:com.sg.test.LoginTest@273e7444] output={null}]]]>
              </value>
            </param>
          </params>
          <reporter-output>
          </reporter-output>
        </test-method> <!-- tearDown -->
        <test-method is-config="true" signature="setUp(java.lang.String,java.lang.reflect.Method)[pri:0, instance:com.sg.test.LoginTest@273e7444]" started-at="2021-08-17T09:47:09 IST" name="setUp" finished-at="2021-08-17T09:47:13 IST" duration-ms="4547" status="PASS">
          <params>
            <param index="0">
              <value>
                <![CDATA[ch]]>
              </value>
            </param>
            <param index="1">
              <value>
                <![CDATA[public void com.sg.test.LoginTest.invalidCredentialTest(java.lang.String,java.lang.String,java.lang.String,java.lang.String)]]>
              </value>
            </param>
          </params>
          <reporter-output>
          </reporter-output>
        </test-method> <!-- setUp -->
        <test-method signature="invalidCredentialTest(java.lang.String,java.lang.String,java.lang.String,java.lang.String)[pri:0, instance:com.sg.test.LoginTest@273e7444]" started-at="2021-08-17T09:47:13 IST" name="invalidCredentialTest" data-provider="commonDataProvider" finished-at="2021-08-17T09:47:15 IST" duration-ms="1419" status="PASS">
          <params>
            <param index="0">
              <value>
                <![CDATA[john]]>
              </value>
            </param>
            <param index="1">
              <value>
                <![CDATA[john123]]>
              </value>
            </param>
            <param index="2">
              <value>
                <![CDATA[Dutch]]>
              </value>
            </param>
            <param index="3">
              <value>
                <![CDATA[Invalid username or password]]>
              </value>
            </param>
          </params>
          <reporter-output>
          </reporter-output>
        </test-method> <!-- invalidCredentialTest -->
        <test-method is-config="true" signature="tearDown(org.testng.ITestResult)[pri:0, instance:com.sg.test.LoginTest@273e7444]" started-at="2021-08-17T09:47:15 IST" name="tearDown" finished-at="2021-08-17T09:47:16 IST" duration-ms="798" status="PASS">
          <params>
            <param index="0">
              <value>
                <![CDATA[[TestResult name=invalidCredentialTest status=SUCCESS method=LoginTest.invalidCredentialTest(java.lang.String,java.lang.String,java.lang.String,java.lang.String)[pri:0, instance:com.sg.test.LoginTest@273e7444] output={null}]]]>
              </value>
            </param>
          </params>
          <reporter-output>
          </reporter-output>
        </test-method> <!-- tearDown -->
        <test-method is-config="true" signature="setUp(java.lang.String,java.lang.reflect.Method)[pri:0, instance:com.sg.test.LoginTest@273e7444]" started-at="2021-08-17T09:47:16 IST" name="setUp" finished-at="2021-08-17T09:47:22 IST" duration-ms="6075" status="PASS">
          <params>
            <param index="0">
              <value>
                <![CDATA[ch]]>
              </value>
            </param>
            <param index="1">
              <value>
                <![CDATA[public void com.sg.test.LoginTest.invalidCredentialTest(java.lang.String,java.lang.String,java.lang.String,java.lang.String)]]>
              </value>
            </param>
          </params>
          <reporter-output>
          </reporter-output>
        </test-method> <!-- setUp -->
        <test-method signature="invalidCredentialTest(java.lang.String,java.lang.String,java.lang.String,java.lang.String)[pri:0, instance:com.sg.test.LoginTest@273e7444]" started-at="2021-08-17T09:47:22 IST" name="invalidCredentialTest" data-provider="commonDataProvider" finished-at="2021-08-17T09:47:23 IST" duration-ms="1431" status="PASS">
          <params>
            <param index="0">
              <value>
                <![CDATA[bala]]>
              </value>
            </param>
            <param index="1">
              <value>
                <![CDATA[bala123]]>
              </value>
            </param>
            <param index="2">
              <value>
                <![CDATA[Dutch]]>
              </value>
            </param>
            <param index="3">
              <value>
                <![CDATA[Invalid username or password]]>
              </value>
            </param>
          </params>
          <reporter-output>
          </reporter-output>
        </test-method> <!-- invalidCredentialTest -->
        <test-method is-config="true" signature="tearDown(org.testng.ITestResult)[pri:0, instance:com.sg.test.LoginTest@273e7444]" started-at="2021-08-17T09:47:23 IST" name="tearDown" finished-at="2021-08-17T09:47:25 IST" duration-ms="1585" status="PASS">
          <params>
            <param index="0">
              <value>
                <![CDATA[[TestResult name=invalidCredentialTest status=SUCCESS method=LoginTest.invalidCredentialTest(java.lang.String,java.lang.String,java.lang.String,java.lang.String)[pri:0, instance:com.sg.test.LoginTest@273e7444] output={null}]]]>
              </value>
            </param>
          </params>
          <reporter-output>
          </reporter-output>
        </test-method> <!-- tearDown -->
        <test-method is-config="true" signature="end()[pri:0, instance:com.sg.test.LoginTest@273e7444]" started-at="2021-08-17T09:47:25 IST" name="end" finished-at="2021-08-17T09:47:26 IST" duration-ms="685" status="PASS">
          <reporter-output>
          </reporter-output>
        </test-method> <!-- end -->
      </class> <!-- com.sg.test.LoginTest -->
    </test> <!-- Login Test - ch -->
  </suite> <!-- OpenEMR Suite -->
</testng-results>
