<?xml version="1.0" encoding="UTF-8"?>
<!-- Generated by org.testng.reporters.JUnitXMLReporter -->
<testsuite ignored="1" hostname="DESKTOP-81ARGGN" failures="0" tests="3" name="Login Test - ch" time="29.39" errors="0" timestamp="2021-08-17T09:47:25 IST">
  <testcase classname="com.sg.test.LoginTest" name="invalidCredentialTest" time="1.669"/>
  <testcase classname="com.sg.test.LoginTest" name="invalidCredentialTest" time="1.419"/>
  <testcase classname="com.sg.test.LoginTest" name="invalidCredentialTest" time="1.431"/>
  <testcase classname="com.sg.test.LoginTest" name="validCredentialTest" time="0.0">
    <ignored/>
  </testcase> <!-- validCredentialTest -->
</testsuite> <!-- Login Test - ch -->
